<?xml version="1.0" encoding="UTF-8"?>
<testsuite xmlns:xsi="http://www.w3.org/2001/XMLSchema-instance" xsi:noNamespaceSchemaLocation="https://maven.apache.org/surefire/maven-surefire-plugin/xsd/surefire-test-report-3.0.xsd" version="3.0" name="br.com.tokstok.ExecuteAthenaTest" time="2.967" tests="1" errors="0" skipped="0" failures="0">
  <properties>
    <property name="sun.desktop" value="windows"/>
    <property name="awt.toolkit" value="sun.awt.windows.WToolkit"/>
    <property name="file.encoding.pkg" value="sun.io"/>
    <property name="java.specification.version" value="1.8"/>
    <property name="sun.cpu.isalist" value="amd64"/>
    <property name="sun.jnu.encoding" value="Cp1252"/>
    <property name="java.class.path" value="C:\Users\gustavo.donadon\Desktop\workspace\nifi-integrations\execute-athena\nifi-execute-athena-processors\target\test-classes;C:\Users\gustavo.donadon\Desktop\workspace\nifi-integrations\execute-athena\nifi-execute-athena-processors\target\classes;C:\Users\gustavo.donadon\.m2\repository\org\apache\nifi\nifi-api\1.15.3\nifi-api-1.15.3.jar;C:\Users\gustavo.donadon\.m2\repository\org\apache\nifi\nifi-utils\1.15.3\nifi-utils-1.15.3.jar;C:\Users\gustavo.donadon\.m2\repository\org\apache\nifi\nifi-mock\1.15.3\nifi-mock-1.15.3.jar;C:\Users\gustavo.donadon\.m2\repository\org\apache\nifi\nifi-framework-api\1.15.3\nifi-framework-api-1.15.3.jar;C:\Users\gustavo.donadon\.m2\repository\org\apache\nifi\nifi-parameter\1.15.3\nifi-parameter-1.15.3.jar;C:\Users\gustavo.donadon\.m2\repository\org\apache\nifi\nifi-framework-core-api\1.15.3\nifi-framework-core-api-1.15.3.jar;C:\Users\gustavo.donadon\.m2\repository\org\apache\nifi\nifi-framework-nar-utils\1.15.3\nifi-framework-nar-utils-1.15.3.jar;C:\Users\gustavo.donadon\.m2\repository\org\apache\nifi\nifi-client-dto\1.15.3\nifi-client-dto-1.15.3.jar;C:\Users\gustavo.donadon\.m2\repository\io\swagger\swagger-annotations\1.6.0\swagger-annotations-1.6.0.jar;C:\Users\gustavo.donadon\.m2\repository\org\apache\nifi\nifi-site-to-site-client\1.15.3\nifi-site-to-site-client-1.15.3.jar;C:\Users\gustavo.donadon\.m2\repository\org\apache\httpcomponents\httpasyncclient\4.1.4\httpasyncclient-4.1.4.jar;C:\Users\gustavo.donadon\.m2\repository\org\apache\httpcomponents\httpcore-nio\4.4.10\httpcore-nio-4.4.10.jar;C:\Users\gustavo.donadon\.m2\repository\org\apache\nifi\nifi-framework-authorization\1.15.3\nifi-framework-authorization-1.15.3.jar;C:\Users\gustavo.donadon\.m2\repository\org\apache\nifi\registry\nifi-registry-data-model\1.15.3\nifi-registry-data-model-1.15.3.jar;C:\Users\gustavo.donadon\.m2\repository\javax\validation\validation-api\2.0.1.Final\validation-api-2.0.1.Final.jar;C:\Users\gustavo.donadon\.m2\repository\javax\ws\rs\javax.ws.rs-api\2.1\javax.ws.rs-api-2.1.jar;C:\Users\gustavo.donadon\.m2\repository\org\apache\nifi\registry\nifi-registry-revision-entity-model\1.15.3\nifi-registry-revision-entity-model-1.15.3.jar;C:\Users\gustavo.donadon\.m2\repository\org\apache\nifi\registry\nifi-registry-client\1.15.3\nifi-registry-client-1.15.3.jar;C:\Users\gustavo.donadon\.m2\repository\org\apache\nifi\registry\nifi-registry-security-utils\1.15.3\nifi-registry-security-utils-1.15.3.jar;C:\Users\gustavo.donadon\.m2\repository\org\glassfish\jersey\core\jersey-client\2.33\jersey-client-2.33.jar;C:\Users\gustavo.donadon\.m2\repository\jakarta\ws\rs\jakarta.ws.rs-api\2.1.6\jakarta.ws.rs-api-2.1.6.jar;C:\Users\gustavo.donadon\.m2\repository\org\glassfish\hk2\external\jakarta.inject\2.6.1\jakarta.inject-2.6.1.jar;C:\Users\gustavo.donadon\.m2\repository\org\glassfish\jersey\media\jersey-media-json-jackson\2.33\jersey-media-json-jackson-2.33.jar;C:\Users\gustavo.donadon\.m2\repository\org\glassfish\jersey\ext\jersey-entity-filtering\2.33\jersey-entity-filtering-2.33.jar;C:\Users\gustavo.donadon\.m2\repository\com\fasterxml\jackson\module\jackson-module-jaxb-annotations\2.11.3\jackson-module-jaxb-annotations-2.11.3.jar;C:\Users\gustavo.donadon\.m2\repository\jakarta\xml\bind\jakarta.xml.bind-api\2.3.2\jakarta.xml.bind-api-2.3.2.jar;C:\Users\gustavo.donadon\.m2\repository\jakarta\activation\jakarta.activation-api\1.2.1\jakarta.activation-api-1.2.1.jar;C:\Users\gustavo.donadon\.m2\repository\org\glassfish\jersey\inject\jersey-hk2\2.33\jersey-hk2-2.33.jar;C:\Users\gustavo.donadon\.m2\repository\org\glassfish\hk2\hk2-locator\2.6.1\hk2-locator-2.6.1.jar;C:\Users\gustavo.donadon\.m2\repository\org\glassfish\hk2\external\aopalliance-repackaged\2.6.1\aopalliance-repackaged-2.6.1.jar;C:\Users\gustavo.donadon\.m2\repository\org\glassfish\hk2\hk2-api\2.6.1\hk2-api-2.6.1.jar;C:\Users\gustavo.donadon\.m2\repository\org\glassfish\hk2\hk2-utils\2.6.1\hk2-utils-2.6.1.jar;C:\Users\gustavo.donadon\.m2\repository\org\javassist\javassist\3.25.0-GA\javassist-3.25.0-GA.jar;C:\Users\gustavo.donadon\.m2\repository\org\glassfish\jersey\core\jersey-common\2.33\jersey-common-2.33.jar;C:\Users\gustavo.donadon\.m2\repository\jakarta\annotation\jakarta.annotation-api\1.3.5\jakarta.annotation-api-1.3.5.jar;C:\Users\gustavo.donadon\.m2\repository\org\glassfish\hk2\osgi-resource-locator\1.0.3\osgi-resource-locator-1.0.3.jar;C:\Users\gustavo.donadon\.m2\repository\org\glassfish\jersey\media\jersey-media-multipart\2.33\jersey-media-multipart-2.33.jar;C:\Users\gustavo.donadon\.m2\repository\org\jvnet\mimepull\mimepull\1.9.13\mimepull-1.9.13.jar;C:\Users\gustavo.donadon\.m2\repository\org\apache\nifi\nifi-expression-language\1.15.3\nifi-expression-language-1.15.3.jar;C:\Users\gustavo.donadon\.m2\repository\org\antlr\antlr-runtime\3.5.2\antlr-runtime-3.5.2.jar;C:\Users\gustavo.donadon\.m2\repository\org\apache\nifi\nifi-uuid5\1.15.3\nifi-uuid5-1.15.3.jar;C:\Users\gustavo.donadon\.m2\repository\com\jayway\jsonpath\json-path\2.6.0\json-path-2.6.0.jar;C:\Users\gustavo.donadon\.m2\repository\net\minidev\json-smart\2.4.7\json-smart-2.4.7.jar;C:\Users\gustavo.donadon\.m2\repository\net\minidev\accessors-smart\2.4.7\accessors-smart-2.4.7.jar;C:\Users\gustavo.donadon\.m2\repository\org\ow2\asm\asm\9.1\asm-9.1.jar;C:\Users\gustavo.donadon\.m2\repository\org\apache\commons\commons-text\1.8\commons-text-1.8.jar;C:\Users\gustavo.donadon\.m2\repository\commons-codec\commons-codec\1.14\commons-codec-1.14.jar;C:\Users\gustavo.donadon\.m2\repository\org\apache\nifi\nifi-data-provenance-utils\1.15.3\nifi-data-provenance-utils-1.15.3.jar;C:\Users\gustavo.donadon\.m2\repository\org\slf4j\slf4j-simple\1.7.32\slf4j-simple-1.7.32.jar;C:\Users\gustavo.donadon\.m2\repository\org\slf4j\slf4j-api\1.7.32\slf4j-api-1.7.32.jar;C:\Users\gustavo.donadon\.m2\repository\junit\junit\4.13.2\junit-4.13.2.jar;C:\Users\gustavo.donadon\.m2\repository\org\hamcrest\hamcrest-core\1.3\hamcrest-core-1.3.jar;C:\Users\gustavo.donadon\.m2\repository\org\apache\nifi\nifi-aws-abstract-processors\1.8.0\nifi-aws-abstract-processors-1.8.0.jar;C:\Users\gustavo.donadon\.m2\repository\com\amazonaws\aws-java-sdk-core\1.11.412\aws-java-sdk-core-1.11.412.jar;C:\Users\gustavo.donadon\.m2\repository\commons-logging\commons-logging\1.1.3\commons-logging-1.1.3.jar;C:\Users\gustavo.donadon\.m2\repository\org\apache\httpcomponents\httpclient\4.5.5\httpclient-4.5.5.jar;C:\Users\gustavo.donadon\.m2\repository\software\amazon\ion\ion-java\1.0.2\ion-java-1.0.2.jar;C:\Users\gustavo.donadon\.m2\repository\joda-time\joda-time\2.8.1\joda-time-2.8.1.jar;C:\Users\gustavo.donadon\.m2\repository\com\amazonaws\aws-java-sdk-dynamodb\1.11.412\aws-java-sdk-dynamodb-1.11.412.jar;C:\Users\gustavo.donadon\.m2\repository\com\amazonaws\jmespath-java\1.11.412\jmespath-java-1.11.412.jar;C:\Users\gustavo.donadon\.m2\repository\com\amazonaws\aws-java-sdk-kinesis\1.11.412\aws-java-sdk-kinesis-1.11.412.jar;C:\Users\gustavo.donadon\.m2\repository\com\amazonaws\aws-java-sdk-lambda\1.11.412\aws-java-sdk-lambda-1.11.412.jar;C:\Users\gustavo.donadon\.m2\repository\com\amazonaws\aws-java-sdk-s3\1.11.412\aws-java-sdk-s3-1.11.412.jar;C:\Users\gustavo.donadon\.m2\repository\com\amazonaws\aws-java-sdk-kms\1.11.412\aws-java-sdk-kms-1.11.412.jar;C:\Users\gustavo.donadon\.m2\repository\com\amazonaws\aws-java-sdk-sns\1.11.412\aws-java-sdk-sns-1.11.412.jar;C:\Users\gustavo.donadon\.m2\repository\com\amazonaws\aws-java-sdk-sqs\1.11.412\aws-java-sdk-sqs-1.11.412.jar;C:\Users\gustavo.donadon\.m2\repository\commons-io\commons-io\2.6\commons-io-2.6.jar;C:\Users\gustavo.donadon\.m2\repository\org\apache\commons\commons-lang3\3.8.1\commons-lang3-3.8.1.jar;C:\Users\gustavo.donadon\.m2\repository\org\apache\nifi\nifi-aws-service-api\1.8.0\nifi-aws-service-api-1.8.0.jar;C:\Users\gustavo.donadon\.m2\repository\org\apache\nifi\nifi-proxy-configuration-api\1.15.3\nifi-proxy-configuration-api-1.15.3.jar;C:\Users\gustavo.donadon\.m2\repository\com\fasterxml\jackson\core\jackson-databind\2.9.7\jackson-databind-2.9.7.jar;C:\Users\gustavo.donadon\.m2\repository\com\fasterxml\jackson\core\jackson-annotations\2.9.0\jackson-annotations-2.9.0.jar;C:\Users\gustavo.donadon\.m2\repository\com\fasterxml\jackson\core\jackson-core\2.9.7\jackson-core-2.9.7.jar;C:\Users\gustavo.donadon\.m2\repository\com\fasterxml\jackson\dataformat\jackson-dataformat-cbor\2.9.7\jackson-dataformat-cbor-2.9.7.jar;C:\Users\gustavo.donadon\.m2\repository\software\amazon\awssdk\athena\2.18.24\athena-2.18.24.jar;C:\Users\gustavo.donadon\.m2\repository\software\amazon\awssdk\aws-json-protocol\2.18.24\aws-json-protocol-2.18.24.jar;C:\Users\gustavo.donadon\.m2\repository\software\amazon\awssdk\third-party-jackson-core\2.18.24\third-party-jackson-core-2.18.24.jar;C:\Users\gustavo.donadon\.m2\repository\software\amazon\awssdk\json-utils\2.18.24\json-utils-2.18.24.jar;C:\Users\gustavo.donadon\.m2\repository\software\amazon\awssdk\protocol-core\2.18.24\protocol-core-2.18.24.jar;C:\Users\gustavo.donadon\.m2\repository\software\amazon\awssdk\sdk-core\2.18.24\sdk-core-2.18.24.jar;C:\Users\gustavo.donadon\.m2\repository\software\amazon\awssdk\endpoints-spi\2.18.24\endpoints-spi-2.18.24.jar;C:\Users\gustavo.donadon\.m2\repository\software\amazon\awssdk\profiles\2.18.24\profiles-2.18.24.jar;C:\Users\gustavo.donadon\.m2\repository\org\reactivestreams\reactive-streams\1.0.3\reactive-streams-1.0.3.jar;C:\Users\gustavo.donadon\.m2\repository\software\amazon\awssdk\auth\2.18.24\auth-2.18.24.jar;C:\Users\gustavo.donadon\.m2\repository\software\amazon\eventstream\eventstream\1.0.1\eventstream-1.0.1.jar;C:\Users\gustavo.donadon\.m2\repository\software\amazon\awssdk\http-client-spi\2.18.24\http-client-spi-2.18.24.jar;C:\Users\gustavo.donadon\.m2\repository\software\amazon\awssdk\regions\2.18.24\regions-2.18.24.jar;C:\Users\gustavo.donadon\.m2\repository\software\amazon\awssdk\annotations\2.18.24\annotations-2.18.24.jar;C:\Users\gustavo.donadon\.m2\repository\software\amazon\awssdk\utils\2.18.24\utils-2.18.24.jar;C:\Users\gustavo.donadon\.m2\repository\software\amazon\awssdk\aws-core\2.18.24\aws-core-2.18.24.jar;C:\Users\gustavo.donadon\.m2\repository\software\amazon\awssdk\metrics-spi\2.18.24\metrics-spi-2.18.24.jar;C:\Users\gustavo.donadon\.m2\repository\software\amazon\awssdk\apache-client\2.18.24\apache-client-2.18.24.jar;C:\Users\gustavo.donadon\.m2\repository\org\apache\httpcomponents\httpcore\4.4.13\httpcore-4.4.13.jar;C:\Users\gustavo.donadon\.m2\repository\software\amazon\awssdk\netty-nio-client\2.18.24\netty-nio-client-2.18.24.jar;C:\Users\gustavo.donadon\.m2\repository\io\netty\netty-codec-http\4.1.77.Final\netty-codec-http-4.1.77.Final.jar;C:\Users\gustavo.donadon\.m2\repository\io\netty\netty-codec-http2\4.1.77.Final\netty-codec-http2-4.1.77.Final.jar;C:\Users\gustavo.donadon\.m2\repository\io\netty\netty-codec\4.1.77.Final\netty-codec-4.1.77.Final.jar;C:\Users\gustavo.donadon\.m2\repository\io\netty\netty-transport\4.1.77.Final\netty-transport-4.1.77.Final.jar;C:\Users\gustavo.donadon\.m2\repository\io\netty\netty-resolver\4.1.77.Final\netty-resolver-4.1.77.Final.jar;C:\Users\gustavo.donadon\.m2\repository\io\netty\netty-common\4.1.77.Final\netty-common-4.1.77.Final.jar;C:\Users\gustavo.donadon\.m2\repository\io\netty\netty-buffer\4.1.77.Final\netty-buffer-4.1.77.Final.jar;C:\Users\gustavo.donadon\.m2\repository\io\netty\netty-handler\4.1.77.Final\netty-handler-4.1.77.Final.jar;C:\Users\gustavo.donadon\.m2\repository\io\netty\netty-transport-classes-epoll\4.1.77.Final\netty-transport-classes-epoll-4.1.77.Final.jar;C:\Users\gustavo.donadon\.m2\repository\io\netty\netty-transport-native-unix-common\4.1.77.Final\netty-transport-native-unix-common-4.1.77.Final.jar;C:\Users\gustavo.donadon\.m2\repository\org\apache\nifi\nifi-aws-processors\1.8.0\nifi-aws-processors-1.8.0.jar;C:\Users\gustavo.donadon\.m2\repository\org\apache\nifi\nifi-processor-utils\1.8.0\nifi-processor-utils-1.8.0.jar;C:\Users\gustavo.donadon\.m2\repository\org\apache\nifi\nifi-security-utils\1.8.0\nifi-security-utils-1.8.0.jar;C:\Users\gustavo.donadon\.m2\repository\org\bouncycastle\bcprov-jdk15on\1.70\bcprov-jdk15on-1.70.jar;C:\Users\gustavo.donadon\.m2\repository\org\bouncycastle\bcpkix-jdk15on\1.70\bcpkix-jdk15on-1.70.jar;C:\Users\gustavo.donadon\.m2\repository\org\bouncycastle\bcutil-jdk15on\1.70\bcutil-jdk15on-1.70.jar;C:\Users\gustavo.donadon\.m2\repository\org\apache\nifi\nifi-properties\1.15.3\nifi-properties-1.15.3.jar;C:\Users\gustavo.donadon\.m2\repository\org\apache\nifi\nifi-property-utils\1.15.3\nifi-property-utils-1.15.3.jar;C:\Users\gustavo.donadon\.m2\repository\de\svenkubiak\jBCrypt\0.4.1\jBCrypt-0.4.1.jar;C:\Users\gustavo.donadon\.m2\repository\com\amazonaws\aws-java-sdk-cloudwatchmetrics\1.11.412\aws-java-sdk-cloudwatchmetrics-1.11.412.jar;C:\Users\gustavo.donadon\.m2\repository\com\amazonaws\aws-java-sdk-cloudwatch\1.11.412\aws-java-sdk-cloudwatch-1.11.412.jar;C:\Users\gustavo.donadon\.m2\repository\com\amazonaws\aws-java-sdk-sts\1.11.412\aws-java-sdk-sts-1.11.412.jar;C:\Users\gustavo.donadon\.m2\repository\org\apache\nifi\nifi-ssl-context-service-api\1.15.3\nifi-ssl-context-service-api-1.15.3.jar;C:\Users\gustavo.donadon\.m2\repository\org\apache\nifi\nifi-security-utils-api\1.15.3\nifi-security-utils-api-1.15.3.jar;C:\Users\gustavo.donadon\.m2\repository\org\json\json\20220320\json-20220320.jar;C:\Users\gustavo.donadon\.m2\repository\org\junit\jupiter\junit-jupiter-api\5.7.2\junit-jupiter-api-5.7.2.jar;C:\Users\gustavo.donadon\.m2\repository\org\apiguardian\apiguardian-api\1.1.0\apiguardian-api-1.1.0.jar;C:\Users\gustavo.donadon\.m2\repository\org\opentest4j\opentest4j\1.2.0\opentest4j-1.2.0.jar;C:\Users\gustavo.donadon\.m2\repository\org\junit\platform\junit-platform-commons\1.7.2\junit-platform-commons-1.7.2.jar;C:\Users\gustavo.donadon\.m2\repository\org\junit\jupiter\junit-jupiter-engine\5.7.2\junit-jupiter-engine-5.7.2.jar;C:\Users\gustavo.donadon\.m2\repository\org\junit\platform\junit-platform-engine\1.7.2\junit-platform-engine-1.7.2.jar;C:\Users\gustavo.donadon\.m2\repository\org\junit\vintage\junit-vintage-engine\5.7.2\junit-vintage-engine-5.7.2.jar;C:\Users\gustavo.donadon\.m2\repository\org\mockito\mockito-core\3.11.2\mockito-core-3.11.2.jar;C:\Users\gustavo.donadon\.m2\repository\net\bytebuddy\byte-buddy\1.11.3\byte-buddy-1.11.3.jar;C:\Users\gustavo.donadon\.m2\repository\net\bytebuddy\byte-buddy-agent\1.11.3\byte-buddy-agent-1.11.3.jar;C:\Users\gustavo.donadon\.m2\repository\org\objenesis\objenesis\3.2\objenesis-3.2.jar;C:\Users\gustavo.donadon\.m2\repository\org\mockito\mockito-junit-jupiter\3.11.2\mockito-junit-jupiter-3.11.2.jar;C:\Users\gustavo.donadon\.m2\repository\org\codehaus\groovy\groovy-test\2.5.14\groovy-test-2.5.14.jar;C:\Users\gustavo.donadon\.m2\repository\org\codehaus\groovy\groovy\2.5.14\groovy-2.5.14.jar;"/>
    <property name="java.vm.vendor" value="Amazon.com Inc."/>
    <property name="sun.arch.data.model" value="64"/>
    <property name="user.variant" value=""/>
    <property name="java.vendor.url" value="https://aws.amazon.com/corretto/"/>
    <property name="user.timezone" value="America/Sao_Paulo"/>
    <property name="java.vm.specification.version" value="1.8"/>
    <property name="os.name" value="Windows 10"/>
    <property name="user.country" value="BR"/>
    <property name="sun.java.launcher" value="SUN_STANDARD"/>
    <property name="sun.boot.library.path" value="C:\Program Files\Amazon Corretto\jdk1.8.0_352\jre\bin"/>
    <property name="sun.java.command" value="C:\Users\gustavo.donadon\AppData\Local\Temp\surefire7609104413622530112\surefirebooter3715936973498034556.jar C:\Users\gustavo.donadon\AppData\Local\Temp\surefire7609104413622530112 2023-01-05T11-28-55_036-jvmRun1 surefire4238235192958527674tmp surefire_05803778546722126792tmp"/>
    <property name="surefire.test.class.path" value="C:\Users\gustavo.donadon\Desktop\workspace\nifi-integrations\execute-athena\nifi-execute-athena-processors\target\test-classes;C:\Users\gustavo.donadon\Desktop\workspace\nifi-integrations\execute-athena\nifi-execute-athena-processors\target\classes;C:\Users\gustavo.donadon\.m2\repository\org\apache\nifi\nifi-api\1.15.3\nifi-api-1.15.3.jar;C:\Users\gustavo.donadon\.m2\repository\org\apache\nifi\nifi-utils\1.15.3\nifi-utils-1.15.3.jar;C:\Users\gustavo.donadon\.m2\repository\org\apache\nifi\nifi-mock\1.15.3\nifi-mock-1.15.3.jar;C:\Users\gustavo.donadon\.m2\repository\org\apache\nifi\nifi-framework-api\1.15.3\nifi-framework-api-1.15.3.jar;C:\Users\gustavo.donadon\.m2\repository\org\apache\nifi\nifi-parameter\1.15.3\nifi-parameter-1.15.3.jar;C:\Users\gustavo.donadon\.m2\repository\org\apache\nifi\nifi-framework-core-api\1.15.3\nifi-framework-core-api-1.15.3.jar;C:\Users\gustavo.donadon\.m2\repository\org\apache\nifi\nifi-framework-nar-utils\1.15.3\nifi-framework-nar-utils-1.15.3.jar;C:\Users\gustavo.donadon\.m2\repository\org\apache\nifi\nifi-client-dto\1.15.3\nifi-client-dto-1.15.3.jar;C:\Users\gustavo.donadon\.m2\repository\io\swagger\swagger-annotations\1.6.0\swagger-annotations-1.6.0.jar;C:\Users\gustavo.donadon\.m2\repository\org\apache\nifi\nifi-site-to-site-client\1.15.3\nifi-site-to-site-client-1.15.3.jar;C:\Users\gustavo.donadon\.m2\repository\org\apache\httpcomponents\httpasyncclient\4.1.4\httpasyncclient-4.1.4.jar;C:\Users\gustavo.donadon\.m2\repository\org\apache\httpcomponents\httpcore-nio\4.4.10\httpcore-nio-4.4.10.jar;C:\Users\gustavo.donadon\.m2\repository\org\apache\nifi\nifi-framework-authorization\1.15.3\nifi-framework-authorization-1.15.3.jar;C:\Users\gustavo.donadon\.m2\repository\org\apache\nifi\registry\nifi-registry-data-model\1.15.3\nifi-registry-data-model-1.15.3.jar;C:\Users\gustavo.donadon\.m2\repository\javax\validation\validation-api\2.0.1.Final\validation-api-2.0.1.Final.jar;C:\Users\gustavo.donadon\.m2\repository\javax\ws\rs\javax.ws.rs-api\2.1\javax.ws.rs-api-2.1.jar;C:\Users\gustavo.donadon\.m2\repository\org\apache\nifi\registry\nifi-registry-revision-entity-model\1.15.3\nifi-registry-revision-entity-model-1.15.3.jar;C:\Users\gustavo.donadon\.m2\repository\org\apache\nifi\registry\nifi-registry-client\1.15.3\nifi-registry-client-1.15.3.jar;C:\Users\gustavo.donadon\.m2\repository\org\apache\nifi\registry\nifi-registry-security-utils\1.15.3\nifi-registry-security-utils-1.15.3.jar;C:\Users\gustavo.donadon\.m2\repository\org\glassfish\jersey\core\jersey-client\2.33\jersey-client-2.33.jar;C:\Users\gustavo.donadon\.m2\repository\jakarta\ws\rs\jakarta.ws.rs-api\2.1.6\jakarta.ws.rs-api-2.1.6.jar;C:\Users\gustavo.donadon\.m2\repository\org\glassfish\hk2\external\jakarta.inject\2.6.1\jakarta.inject-2.6.1.jar;C:\Users\gustavo.donadon\.m2\repository\org\glassfish\jersey\media\jersey-media-json-jackson\2.33\jersey-media-json-jackson-2.33.jar;C:\Users\gustavo.donadon\.m2\repository\org\glassfish\jersey\ext\jersey-entity-filtering\2.33\jersey-entity-filtering-2.33.jar;C:\Users\gustavo.donadon\.m2\repository\com\fasterxml\jackson\module\jackson-module-jaxb-annotations\2.11.3\jackson-module-jaxb-annotations-2.11.3.jar;C:\Users\gustavo.donadon\.m2\repository\jakarta\xml\bind\jakarta.xml.bind-api\2.3.2\jakarta.xml.bind-api-2.3.2.jar;C:\Users\gustavo.donadon\.m2\repository\jakarta\activation\jakarta.activation-api\1.2.1\jakarta.activation-api-1.2.1.jar;C:\Users\gustavo.donadon\.m2\repository\org\glassfish\jersey\inject\jersey-hk2\2.33\jersey-hk2-2.33.jar;C:\Users\gustavo.donadon\.m2\repository\org\glassfish\hk2\hk2-locator\2.6.1\hk2-locator-2.6.1.jar;C:\Users\gustavo.donadon\.m2\repository\org\glassfish\hk2\external\aopalliance-repackaged\2.6.1\aopalliance-repackaged-2.6.1.jar;C:\Users\gustavo.donadon\.m2\repository\org\glassfish\hk2\hk2-api\2.6.1\hk2-api-2.6.1.jar;C:\Users\gustavo.donadon\.m2\repository\org\glassfish\hk2\hk2-utils\2.6.1\hk2-utils-2.6.1.jar;C:\Users\gustavo.donadon\.m2\repository\org\javassist\javassist\3.25.0-GA\javassist-3.25.0-GA.jar;C:\Users\gustavo.donadon\.m2\repository\org\glassfish\jersey\core\jersey-common\2.33\jersey-common-2.33.jar;C:\Users\gustavo.donadon\.m2\repository\jakarta\annotation\jakarta.annotation-api\1.3.5\jakarta.annotation-api-1.3.5.jar;C:\Users\gustavo.donadon\.m2\repository\org\glassfish\hk2\osgi-resource-locator\1.0.3\osgi-resource-locator-1.0.3.jar;C:\Users\gustavo.donadon\.m2\repository\org\glassfish\jersey\media\jersey-media-multipart\2.33\jersey-media-multipart-2.33.jar;C:\Users\gustavo.donadon\.m2\repository\org\jvnet\mimepull\mimepull\1.9.13\mimepull-1.9.13.jar;C:\Users\gustavo.donadon\.m2\repository\org\apache\nifi\nifi-expression-language\1.15.3\nifi-expression-language-1.15.3.jar;C:\Users\gustavo.donadon\.m2\repository\org\antlr\antlr-runtime\3.5.2\antlr-runtime-3.5.2.jar;C:\Users\gustavo.donadon\.m2\repository\org\apache\nifi\nifi-uuid5\1.15.3\nifi-uuid5-1.15.3.jar;C:\Users\gustavo.donadon\.m2\repository\com\jayway\jsonpath\json-path\2.6.0\json-path-2.6.0.jar;C:\Users\gustavo.donadon\.m2\repository\net\minidev\json-smart\2.4.7\json-smart-2.4.7.jar;C:\Users\gustavo.donadon\.m2\repository\net\minidev\accessors-smart\2.4.7\accessors-smart-2.4.7.jar;C:\Users\gustavo.donadon\.m2\repository\org\ow2\asm\asm\9.1\asm-9.1.jar;C:\Users\gustavo.donadon\.m2\repository\org\apache\commons\commons-text\1.8\commons-text-1.8.jar;C:\Users\gustavo.donadon\.m2\repository\commons-codec\commons-codec\1.14\commons-codec-1.14.jar;C:\Users\gustavo.donadon\.m2\repository\org\apache\nifi\nifi-data-provenance-utils\1.15.3\nifi-data-provenance-utils-1.15.3.jar;C:\Users\gustavo.donadon\.m2\repository\org\slf4j\slf4j-simple\1.7.32\slf4j-simple-1.7.32.jar;C:\Users\gustavo.donadon\.m2\repository\org\slf4j\slf4j-api\1.7.32\slf4j-api-1.7.32.jar;C:\Users\gustavo.donadon\.m2\repository\junit\junit\4.13.2\junit-4.13.2.jar;C:\Users\gustavo.donadon\.m2\repository\org\hamcrest\hamcrest-core\1.3\hamcrest-core-1.3.jar;C:\Users\gustavo.donadon\.m2\repository\org\apache\nifi\nifi-aws-abstract-processors\1.8.0\nifi-aws-abstract-processors-1.8.0.jar;C:\Users\gustavo.donadon\.m2\repository\com\amazonaws\aws-java-sdk-core\1.11.412\aws-java-sdk-core-1.11.412.jar;C:\Users\gustavo.donadon\.m2\repository\commons-logging\commons-logging\1.1.3\commons-logging-1.1.3.jar;C:\Users\gustavo.donadon\.m2\repository\org\apache\httpcomponents\httpclient\4.5.5\httpclient-4.5.5.jar;C:\Users\gustavo.donadon\.m2\repository\software\amazon\ion\ion-java\1.0.2\ion-java-1.0.2.jar;C:\Users\gustavo.donadon\.m2\repository\joda-time\joda-time\2.8.1\joda-time-2.8.1.jar;C:\Users\gustavo.donadon\.m2\repository\com\amazonaws\aws-java-sdk-dynamodb\1.11.412\aws-java-sdk-dynamodb-1.11.412.jar;C:\Users\gustavo.donadon\.m2\repository\com\amazonaws\jmespath-java\1.11.412\jmespath-java-1.11.412.jar;C:\Users\gustavo.donadon\.m2\repository\com\amazonaws\aws-java-sdk-kinesis\1.11.412\aws-java-sdk-kinesis-1.11.412.jar;C:\Users\gustavo.donadon\.m2\repository\com\amazonaws\aws-java-sdk-lambda\1.11.412\aws-java-sdk-lambda-1.11.412.jar;C:\Users\gustavo.donadon\.m2\repository\com\amazonaws\aws-java-sdk-s3\1.11.412\aws-java-sdk-s3-1.11.412.jar;C:\Users\gustavo.donadon\.m2\repository\com\amazonaws\aws-java-sdk-kms\1.11.412\aws-java-sdk-kms-1.11.412.jar;C:\Users\gustavo.donadon\.m2\repository\com\amazonaws\aws-java-sdk-sns\1.11.412\aws-java-sdk-sns-1.11.412.jar;C:\Users\gustavo.donadon\.m2\repository\com\amazonaws\aws-java-sdk-sqs\1.11.412\aws-java-sdk-sqs-1.11.412.jar;C:\Users\gustavo.donadon\.m2\repository\commons-io\commons-io\2.6\commons-io-2.6.jar;C:\Users\gustavo.donadon\.m2\repository\org\apache\commons\commons-lang3\3.8.1\commons-lang3-3.8.1.jar;C:\Users\gustavo.donadon\.m2\repository\org\apache\nifi\nifi-aws-service-api\1.8.0\nifi-aws-service-api-1.8.0.jar;C:\Users\gustavo.donadon\.m2\repository\org\apache\nifi\nifi-proxy-configuration-api\1.15.3\nifi-proxy-configuration-api-1.15.3.jar;C:\Users\gustavo.donadon\.m2\repository\com\fasterxml\jackson\core\jackson-databind\2.9.7\jackson-databind-2.9.7.jar;C:\Users\gustavo.donadon\.m2\repository\com\fasterxml\jackson\core\jackson-annotations\2.9.0\jackson-annotations-2.9.0.jar;C:\Users\gustavo.donadon\.m2\repository\com\fasterxml\jackson\core\jackson-core\2.9.7\jackson-core-2.9.7.jar;C:\Users\gustavo.donadon\.m2\repository\com\fasterxml\jackson\dataformat\jackson-dataformat-cbor\2.9.7\jackson-dataformat-cbor-2.9.7.jar;C:\Users\gustavo.donadon\.m2\repository\software\amazon\awssdk\athena\2.18.24\athena-2.18.24.jar;C:\Users\gustavo.donadon\.m2\repository\software\amazon\awssdk\aws-json-protocol\2.18.24\aws-json-protocol-2.18.24.jar;C:\Users\gustavo.donadon\.m2\repository\software\amazon\awssdk\third-party-jackson-core\2.18.24\third-party-jackson-core-2.18.24.jar;C:\Users\gustavo.donadon\.m2\repository\software\amazon\awssdk\json-utils\2.18.24\json-utils-2.18.24.jar;C:\Users\gustavo.donadon\.m2\repository\software\amazon\awssdk\protocol-core\2.18.24\protocol-core-2.18.24.jar;C:\Users\gustavo.donadon\.m2\repository\software\amazon\awssdk\sdk-core\2.18.24\sdk-core-2.18.24.jar;C:\Users\gustavo.donadon\.m2\repository\software\amazon\awssdk\endpoints-spi\2.18.24\endpoints-spi-2.18.24.jar;C:\Users\gustavo.donadon\.m2\repository\software\amazon\awssdk\profiles\2.18.24\profiles-2.18.24.jar;C:\Users\gustavo.donadon\.m2\repository\org\reactivestreams\reactive-streams\1.0.3\reactive-streams-1.0.3.jar;C:\Users\gustavo.donadon\.m2\repository\software\amazon\awssdk\auth\2.18.24\auth-2.18.24.jar;C:\Users\gustavo.donadon\.m2\repository\software\amazon\eventstream\eventstream\1.0.1\eventstream-1.0.1.jar;C:\Users\gustavo.donadon\.m2\repository\software\amazon\awssdk\http-client-spi\2.18.24\http-client-spi-2.18.24.jar;C:\Users\gustavo.donadon\.m2\repository\software\amazon\awssdk\regions\2.18.24\regions-2.18.24.jar;C:\Users\gustavo.donadon\.m2\repository\software\amazon\awssdk\annotations\2.18.24\annotations-2.18.24.jar;C:\Users\gustavo.donadon\.m2\repository\software\amazon\awssdk\utils\2.18.24\utils-2.18.24.jar;C:\Users\gustavo.donadon\.m2\repository\software\amazon\awssdk\aws-core\2.18.24\aws-core-2.18.24.jar;C:\Users\gustavo.donadon\.m2\repository\software\amazon\awssdk\metrics-spi\2.18.24\metrics-spi-2.18.24.jar;C:\Users\gustavo.donadon\.m2\repository\software\amazon\awssdk\apache-client\2.18.24\apache-client-2.18.24.jar;C:\Users\gustavo.donadon\.m2\repository\org\apache\httpcomponents\httpcore\4.4.13\httpcore-4.4.13.jar;C:\Users\gustavo.donadon\.m2\repository\software\amazon\awssdk\netty-nio-client\2.18.24\netty-nio-client-2.18.24.jar;C:\Users\gustavo.donadon\.m2\repository\io\netty\netty-codec-http\4.1.77.Final\netty-codec-http-4.1.77.Final.jar;C:\Users\gustavo.donadon\.m2\repository\io\netty\netty-codec-http2\4.1.77.Final\netty-codec-http2-4.1.77.Final.jar;C:\Users\gustavo.donadon\.m2\repository\io\netty\netty-codec\4.1.77.Final\netty-codec-4.1.77.Final.jar;C:\Users\gustavo.donadon\.m2\repository\io\netty\netty-transport\4.1.77.Final\netty-transport-4.1.77.Final.jar;C:\Users\gustavo.donadon\.m2\repository\io\netty\netty-resolver\4.1.77.Final\netty-resolver-4.1.77.Final.jar;C:\Users\gustavo.donadon\.m2\repository\io\netty\netty-common\4.1.77.Final\netty-common-4.1.77.Final.jar;C:\Users\gustavo.donadon\.m2\repository\io\netty\netty-buffer\4.1.77.Final\netty-buffer-4.1.77.Final.jar;C:\Users\gustavo.donadon\.m2\repository\io\netty\netty-handler\4.1.77.Final\netty-handler-4.1.77.Final.jar;C:\Users\gustavo.donadon\.m2\repository\io\netty\netty-transport-classes-epoll\4.1.77.Final\netty-transport-classes-epoll-4.1.77.Final.jar;C:\Users\gustavo.donadon\.m2\repository\io\netty\netty-transport-native-unix-common\4.1.77.Final\netty-transport-native-unix-common-4.1.77.Final.jar;C:\Users\gustavo.donadon\.m2\repository\org\apache\nifi\nifi-aws-processors\1.8.0\nifi-aws-processors-1.8.0.jar;C:\Users\gustavo.donadon\.m2\repository\org\apache\nifi\nifi-processor-utils\1.8.0\nifi-processor-utils-1.8.0.jar;C:\Users\gustavo.donadon\.m2\repository\org\apache\nifi\nifi-security-utils\1.8.0\nifi-security-utils-1.8.0.jar;C:\Users\gustavo.donadon\.m2\repository\org\bouncycastle\bcprov-jdk15on\1.70\bcprov-jdk15on-1.70.jar;C:\Users\gustavo.donadon\.m2\repository\org\bouncycastle\bcpkix-jdk15on\1.70\bcpkix-jdk15on-1.70.jar;C:\Users\gustavo.donadon\.m2\repository\org\bouncycastle\bcutil-jdk15on\1.70\bcutil-jdk15on-1.70.jar;C:\Users\gustavo.donadon\.m2\repository\org\apache\nifi\nifi-properties\1.15.3\nifi-properties-1.15.3.jar;C:\Users\gustavo.donadon\.m2\repository\org\apache\nifi\nifi-property-utils\1.15.3\nifi-property-utils-1.15.3.jar;C:\Users\gustavo.donadon\.m2\repository\de\svenkubiak\jBCrypt\0.4.1\jBCrypt-0.4.1.jar;C:\Users\gustavo.donadon\.m2\repository\com\amazonaws\aws-java-sdk-cloudwatchmetrics\1.11.412\aws-java-sdk-cloudwatchmetrics-1.11.412.jar;C:\Users\gustavo.donadon\.m2\repository\com\amazonaws\aws-java-sdk-cloudwatch\1.11.412\aws-java-sdk-cloudwatch-1.11.412.jar;C:\Users\gustavo.donadon\.m2\repository\com\amazonaws\aws-java-sdk-sts\1.11.412\aws-java-sdk-sts-1.11.412.jar;C:\Users\gustavo.donadon\.m2\repository\org\apache\nifi\nifi-ssl-context-service-api\1.15.3\nifi-ssl-context-service-api-1.15.3.jar;C:\Users\gustavo.donadon\.m2\repository\org\apache\nifi\nifi-security-utils-api\1.15.3\nifi-security-utils-api-1.15.3.jar;C:\Users\gustavo.donadon\.m2\repository\org\json\json\20220320\json-20220320.jar;C:\Users\gustavo.donadon\.m2\repository\org\junit\jupiter\junit-jupiter-api\5.7.2\junit-jupiter-api-5.7.2.jar;C:\Users\gustavo.donadon\.m2\repository\org\apiguardian\apiguardian-api\1.1.0\apiguardian-api-1.1.0.jar;C:\Users\gustavo.donadon\.m2\repository\org\opentest4j\opentest4j\1.2.0\opentest4j-1.2.0.jar;C:\Users\gustavo.donadon\.m2\repository\org\junit\platform\junit-platform-commons\1.7.2\junit-platform-commons-1.7.2.jar;C:\Users\gustavo.donadon\.m2\repository\org\junit\jupiter\junit-jupiter-engine\5.7.2\junit-jupiter-engine-5.7.2.jar;C:\Users\gustavo.donadon\.m2\repository\org\junit\platform\junit-platform-engine\1.7.2\junit-platform-engine-1.7.2.jar;C:\Users\gustavo.donadon\.m2\repository\org\junit\vintage\junit-vintage-engine\5.7.2\junit-vintage-engine-5.7.2.jar;C:\Users\gustavo.donadon\.m2\repository\org\mockito\mockito-core\3.11.2\mockito-core-3.11.2.jar;C:\Users\gustavo.donadon\.m2\repository\net\bytebuddy\byte-buddy\1.11.3\byte-buddy-1.11.3.jar;C:\Users\gustavo.donadon\.m2\repository\net\bytebuddy\byte-buddy-agent\1.11.3\byte-buddy-agent-1.11.3.jar;C:\Users\gustavo.donadon\.m2\repository\org\objenesis\objenesis\3.2\objenesis-3.2.jar;C:\Users\gustavo.donadon\.m2\repository\org\mockito\mockito-junit-jupiter\3.11.2\mockito-junit-jupiter-3.11.2.jar;C:\Users\gustavo.donadon\.m2\repository\org\codehaus\groovy\groovy-test\2.5.14\groovy-test-2.5.14.jar;C:\Users\gustavo.donadon\.m2\repository\org\codehaus\groovy\groovy\2.5.14\groovy-2.5.14.jar;"/>
    <property name="sun.cpu.endian" value="little"/>
    <property name="user.home" value="C:\Users\gustavo.donadon"/>
    <property name="user.language" value="pt"/>
    <property name="java.specification.vendor" value="Oracle Corporation"/>
    <property name="java.home" value="C:\Program Files\Amazon Corretto\jdk1.8.0_352\jre"/>
    <property name="basedir" value="C:\Users\gustavo.donadon\Desktop\workspace\nifi-integrations\execute-athena\nifi-execute-athena-processors"/>
    <property name="file.separator" value="\"/>
    <property name="line.separator" value="&#10;"/>
    <property name="java.vm.specification.vendor" value="Oracle Corporation"/>
    <property name="java.specification.name" value="Java Platform API Specification"/>
    <property name="java.awt.graphicsenv" value="sun.awt.Win32GraphicsEnvironment"/>
    <property name="java.awt.headless" value="true"/>
    <property name="surefire.real.class.path" value="C:\Users\gustavo.donadon\AppData\Local\Temp\surefire7609104413622530112\surefirebooter3715936973498034556.jar"/>
    <property name="sun.boot.class.path" value="C:\Program Files\Amazon Corretto\jdk1.8.0_352\jre\lib\resources.jar;C:\Program Files\Amazon Corretto\jdk1.8.0_352\jre\lib\rt.jar;C:\Program Files\Amazon Corretto\jdk1.8.0_352\jre\lib\sunrsasign.jar;C:\Program Files\Amazon Corretto\jdk1.8.0_352\jre\lib\jsse.jar;C:\Program Files\Amazon Corretto\jdk1.8.0_352\jre\lib\jce.jar;C:\Program Files\Amazon Corretto\jdk1.8.0_352\jre\lib\charsets.jar;C:\Program Files\Amazon Corretto\jdk1.8.0_352\jre\lib\jfr.jar;C:\Program Files\Amazon Corretto\jdk1.8.0_352\jre\classes"/>
    <property name="user.script" value=""/>
    <property name="sun.management.compiler" value="HotSpot 64-Bit Tiered Compilers"/>
    <property name="java.runtime.version" value="1.8.0_352-b08"/>
    <property name="java.net.preferIPv4Stack" value="true"/>
    <property name="user.name" value="gustavo.donadon"/>
    <property name="path.separator" value=";"/>
    <property name="os.version" value="10.0"/>
    <property name="java.endorsed.dirs" value="C:\Program Files\Amazon Corretto\jdk1.8.0_352\jre\lib\endorsed"/>
    <property name="java.runtime.name" value="OpenJDK Runtime Environment"/>
    <property name="file.encoding" value="UTF-8"/>
    <property name="java.vm.name" value="OpenJDK 64-Bit Server VM"/>
    <property name="localRepository" value="C:\Users\gustavo.donadon\.m2\repository"/>
    <property name="java.vendor.url.bug" value="https://github.com/corretto/corretto-8/issues/"/>
    <property name="java.io.tmpdir" value="C:\Users\GUSTAV~1.DON\AppData\Local\Temp\"/>
    <property name="java.version" value="1.8.0_352"/>
    <property name="user.dir" value="C:\Users\gustavo.donadon\Desktop\workspace\nifi-integrations\execute-athena\nifi-execute-athena-processors"/>
    <property name="os.arch" value="amd64"/>
    <property name="java.vm.specification.name" value="Java Virtual Machine Specification"/>
    <property name="java.awt.printerjob" value="sun.awt.windows.WPrinterJob"/>
    <property name="sun.os.patch.level" value=""/>
    <property name="java.library.path" value="C:\Program Files\Amazon Corretto\jdk1.8.0_352\jre\bin;C:\Windows\Sun\Java\bin;C:\Windows\system32;C:\Windows;C:\Program Files\Amazon Corretto\jdk1.8.0_352\bin;C:\Program Files\Common Files\Oracle\Java\javapath;C:\Python39\Scripts\;C:\Python39\;C:\app\Oracle\product\11.2.0\client_2\bin;C:\app\Oracle\product\11.2.0\client_1\bin;C:\Program Files (x86)\Common Files\Oracle\Java\javapath;C:\Windows\system32;C:\Windows;C:\Windows\System32\Wbem;C:\Windows\System32\WindowsPowerShell\v1.0\;C:\Windows\System32\OpenSSH\;C:\ProgramData\chocolatey\bin;C:\Program Files\dotnet\;C:\Program Files\Microsoft SQL Server\130\Tools\Binn\;C:\Program Files\Microsoft SQL Server\Client SDK\ODBC\170\Tools\Binn\;C:\Program Files (x86)\dotnet\;C:\Program Files\Docker\Docker\resources\bin;C:\ProgramData\DockerDesktop\version-bin;C:\Program Files\Git LFS;C:\Program Files\nodejs\;C:\Program Files\Amazon\AWSCLIV2\;C:\Program Files\Git\cmd;C:\Program Files\MySQL\MySQL Shell 8.0\bin\;C:\Users\gustavo.donadon\AppData\Local\Microsoft\WindowsApps;C:\maven\apache-maven-3.8.2\bin;C:\Users\gustavo.donadon\AppData\Local\Programs\Microsoft VS Code\bin;C:\Users\gustavo.donadon\AppData\Roaming\npm;C:\Program Files (x86)\GitHub CLI\;C:\Users\gustavo.donadon\.dotnet\tools;;."/>
    <property name="java.vm.info" value="mixed mode"/>
    <property name="java.vendor" value="Amazon.com Inc."/>
    <property name="java.vm.version" value="25.352-b08"/>
    <property name="java.specification.maintenance.version" value="4"/>
    <property name="java.ext.dirs" value="C:\Program Files\Amazon Corretto\jdk1.8.0_352\jre\lib\ext;C:\Windows\Sun\Java\lib\ext"/>
    <property name="sun.io.unicode.encoding" value="UnicodeLittle"/>
    <property name="java.class.version" value="52.0"/>
  </properties>
  <testcase name="testProcessor" classname="br.com.tokstok.ExecuteAthenaTest" time="2.967">
    <system-err><![CDATA[[pool-2-thread-1] WARN software.amazon.awssdk.http.apache.internal.utils.ApacheUtils - NoSuchMethodException was thrown when disabling normalizeUri. This indicates you are using an old version (< 4.5.8) of Apache http client. It is recommended to use http client version >= 4.5.9 to avoid the breaking change introduced in apache client 4.5.7 and the latency in exception handling. See https://github.com/aws/aws-sdk-java/issues/1919 for more information
]]></system-err>
  </testcase>
</testsuite>